<?xml version="1.0" encoding="UTF-8"?>
<testng-results ignored="0" total="4" passed="4" failed="0" skipped="0">
  <reporter-output>
  </reporter-output>
  <suite started-at="2024-02-25T21:53:57 EST" name="Suite" finished-at="2024-02-25T21:53:57 EST" duration-ms="933">
    <groups>
      <group name="cucumber">
        <method signature="AbstractTestNGCucumberTests.runScenario(io.cucumber.testng.PickleWrapper,io.cucumber.testng.FeatureWrapper)[pri:0, instance:runner.TestRunner@25ce9dc4]" name="runScenario" class="io.cucumber.testng.AbstractTestNGCucumberTests"/>
      </group> <!-- cucumber -->
    </groups>
    <test started-at="2024-02-25T21:53:57 EST" name="Test" finished-at="2024-02-25T21:53:57 EST" duration-ms="933">
      <class name="runner.TestRunner">
        <test-method is-config="true" signature="setUpClass(org.testng.ITestContext)[pri:0, instance:runner.TestRunner@25ce9dc4]" started-at="2024-02-25T21:53:57 EST" name="setUpClass" finished-at="2024-02-25T21:53:57 EST" duration-ms="83" status="PASS">
          <params>
            <param index="0">
              <value>
                <![CDATA[org.testng.TestRunner@5aa781f2]]>
              </value>
            </param>
          </params>
          <reporter-output>
          </reporter-output>
        </test-method> <!-- setUpClass -->
        <test-method signature="runScenario(io.cucumber.testng.PickleWrapper,io.cucumber.testng.FeatureWrapper)[pri:0, instance:runner.TestRunner@25ce9dc4]" started-at="2024-02-25T21:53:57 EST" name="runScenario" description="Runs Cucumber Scenarios" data-provider="scenarios" finished-at="2024-02-25T21:53:57 EST" duration-ms="757" status="PASS">
          <params>
            <param index="0">
              <value>
                <![CDATA["Localhost POST API test"]]>
              </value>
            </param>
            <param index="1">
              <value>
                <![CDATA["Test localhost api with rest assured and cucumber BDD framework"]]>
              </value>
            </param>
          </params>
          <reporter-output>
          </reporter-output>
        </test-method> <!-- runScenario -->
        <test-method signature="runScenario(io.cucumber.testng.PickleWrapper,io.cucumber.testng.FeatureWrapper)[pri:0, instance:runner.TestRunner@25ce9dc4]" started-at="2024-02-25T21:53:57 EST" name="runScenario" description="Runs Cucumber Scenarios" data-provider="scenarios" finished-at="2024-02-25T21:53:57 EST" duration-ms="33" status="PASS">
          <params>
            <param index="0">
              <value>
                <![CDATA["Localhost PUT API test"]]>
              </value>
            </param>
            <param index="1">
              <value>
                <![CDATA["Test localhost api with rest assured and cucumber BDD framework"]]>
              </value>
            </param>
          </params>
          <reporter-output>
          </reporter-output>
        </test-method> <!-- runScenario -->
        <test-method signature="runScenario(io.cucumber.testng.PickleWrapper,io.cucumber.testng.FeatureWrapper)[pri:0, instance:runner.TestRunner@25ce9dc4]" started-at="2024-02-25T21:53:57 EST" name="runScenario" description="Runs Cucumber Scenarios" data-provider="scenarios" finished-at="2024-02-25T21:53:57 EST" duration-ms="29" status="PASS">
          <params>
            <param index="0">
              <value>
                <![CDATA["Localhost PATCH API test"]]>
              </value>
            </param>
            <param index="1">
              <value>
                <![CDATA["Test localhost api with rest assured and cucumber BDD framework"]]>
              </value>
            </param>
          </params>
          <reporter-output>
          </reporter-output>
        </test-method> <!-- runScenario -->
        <test-method signature="runScenario(io.cucumber.testng.PickleWrapper,io.cucumber.testng.FeatureWrapper)[pri:0, instance:runner.TestRunner@25ce9dc4]" started-at="2024-02-25T21:53:57 EST" name="runScenario" description="Runs Cucumber Scenarios" data-provider="scenarios" finished-at="2024-02-25T21:53:57 EST" duration-ms="15" status="PASS">
          <params>
            <param index="0">
              <value>
                <![CDATA["Localhost DELETE API test"]]>
              </value>
            </param>
            <param index="1">
              <value>
                <![CDATA["Test localhost api with rest assured and cucumber BDD framework"]]>
              </value>
            </param>
          </params>
          <reporter-output>
          </reporter-output>
        </test-method> <!-- runScenario -->
        <test-method is-config="true" signature="tearDownClass()[pri:0, instance:runner.TestRunner@25ce9dc4]" started-at="2024-02-25T21:53:57 EST" name="tearDownClass" finished-at="2024-02-25T21:53:57 EST" duration-ms="1" status="PASS">
          <reporter-output>
          </reporter-output>
        </test-method> <!-- tearDownClass -->
      </class> <!-- runner.TestRunner -->
    </test> <!-- Test -->
  </suite> <!-- Suite -->
</testng-results>
